#
# There is insufficient memory for the Java Runtime Environment to continue.
# Native memory allocation (malloc) failed to allocate 1682032 bytes for Chunk::new
# Possible reasons:
#   The system is out of physical RAM or swap space
#   In 32 bit mode, the process size limit was hit
# Possible solutions:
#   Reduce memory load on the system
#   Increase physical memory or swap space
#   Check if swap backing store is full
#   Use 64 bit Java on a 64 bit OS
#   Decrease Java heap size (-Xmx/-Xms)
#   Decrease number of Java threads
#   Decrease Java thread stack sizes (-Xss)
#   Set larger code cache with -XX:ReservedCodeCacheSize=
# This output file may be truncated or incomplete.
#
#  Out of Memory Error (allocation.cpp:390), pid=8408, tid=0x0000000000000ee0
#
# JRE version: OpenJDK Runtime Environment (8.0_152-b06) (build 1.8.0_152-release-1136-b06)
# Java VM: OpenJDK 64-Bit Server VM (25.152-b06 mixed mode windows-amd64 compressed oops)
# Failed to write core dump. Minidumps are not enabled by default on client versions of Windows
#

---------------  T H R E A D  ---------------

Current thread (0x0000000018ac6000):  JavaThread "C2 CompilerThread2" daemon [_thread_in_native, id=3808, stack(0x0000000019480000,0x0000000019580000)]

Stack: [0x0000000019480000,0x0000000019580000]
[error occurred during error reporting (printing stack bounds), id 0xc0000005]

Native frames: (J=compiled Java code, j=interpreted, Vv=VM code, C=native code)


Current CompileTask:
C2:   6565 5113   !   4       java.net.URLClassLoader$1::run (63 bytes)


---------------  P R O C E S S  ---------------

Java Threads: ( => current thread )
  0x000000001c604000 JavaThread "Memory manager" [_thread_blocked, id=14488, stack(0x00000000238c0000,0x00000000239c0000)]
  0x000000001c603800 JavaThread "pool-1-thread-1" [_thread_blocked, id=14588, stack(0x00000000235c0000,0x00000000236c0000)]
  0x000000001c600800 JavaThread "Build operations Thread 8" [_thread_blocked, id=13884, stack(0x0000000022c70000,0x0000000022d70000)]
  0x000000001c607000 JavaThread "Build operations Thread 7" [_thread_blocked, id=13876, stack(0x0000000022b70000,0x0000000022c70000)]
  0x000000001c601000 JavaThread "Build operations Thread 6" [_thread_blocked, id=13816, stack(0x0000000022a70000,0x0000000022b70000)]
  0x000000001c606800 JavaThread "Build operations Thread 5" [_thread_blocked, id=14644, stack(0x0000000022970000,0x0000000022a70000)]
  0x0000000018ad7000 JavaThread "Build operations Thread 4" [_thread_blocked, id=9048, stack(0x00000000225e0000,0x00000000226e0000)]
  0x0000000018ada000 JavaThread "Build operations Thread 3" [_thread_blocked, id=13364, stack(0x00000000224e0000,0x00000000225e0000)]
  0x0000000018ad4800 JavaThread "Build operations Thread 2" [_thread_blocked, id=7672, stack(0x00000000223e0000,0x00000000224e0000)]
  0x0000000018ad6000 JavaThread "Build operations" [_thread_blocked, id=14652, stack(0x0000000020df0000,0x0000000020ef0000)]
  0x0000000018ad3000 JavaThread "Cache worker for Artifact transforms cache (D:\Android\.gradle\caches\transforms-1)" [_thread_blocked, id=8452, stack(0x000000001e670000,0x000000001e770000)]
  0x000000001ae54800 JavaThread "Cache worker for file hash cache (D:\Projects\AndroidActiveMQDemo\.gradle\4.6\fileHashes)" [_thread_blocked, id=5940, stack(0x000000001d5a0000,0x000000001d6a0000)]
  0x000000001a998000 JavaThread "File lock request listener" [_thread_in_native, id=15088, stack(0x000000001c4d0000,0x000000001c5d0000)]
  0x000000001a8ab000 JavaThread "Cache worker for file hash cache (D:\Android\.gradle\caches\4.6\fileHashes)" [_thread_blocked, id=14620, stack(0x000000001c3d0000,0x000000001c4d0000)]
  0x000000001ac09800 JavaThread "Stdin handler" [_thread_blocked, id=1624, stack(0x000000001bfd0000,0x000000001c0d0000)]
  0x000000001ac04800 JavaThread "Asynchronous log dispatcher for DefaultDaemonConnection: socket connection from /127.0.0.1:53123 to /127.0.0.1:53124" [_thread_blocked, id=2332, stack(0x000000001bed0000,0x000000001bfd0000)]
  0x000000001ac0b800 JavaThread "Daemon worker" [_thread_in_vm, id=2624, stack(0x000000001bdd0000,0x000000001bed0000)]
  0x000000001ab92800 JavaThread "Cancel handler" [_thread_blocked, id=14200, stack(0x000000001bcd0000,0x000000001bdd0000)]
  0x000000001ab37000 JavaThread "Handler for socket connection from /127.0.0.1:53123 to /127.0.0.1:53124" [_thread_in_native, id=13724, stack(0x000000001b9d0000,0x000000001bad0000)]
  0x000000001aa78000 JavaThread "Daemon" [_thread_blocked, id=4040, stack(0x000000001b8d0000,0x000000001b9d0000)]
  0x000000001aadf000 JavaThread "Daemon periodic checks" [_thread_blocked, id=14888, stack(0x000000001b7d0000,0x000000001b8d0000)]
  0x000000001acb3800 JavaThread "Incoming local TCP Connector on port 53123" [_thread_in_native, id=10896, stack(0x000000001b590000,0x000000001b690000)]
  0x0000000018b56800 JavaThread "Service Thread" daemon [_thread_blocked, id=10904, stack(0x0000000019680000,0x0000000019780000)]
  0x0000000018ad7800 JavaThread "C1 CompilerThread3" daemon [_thread_blocked, id=2648, stack(0x0000000019580000,0x0000000019680000)]
=>0x0000000018ac6000 JavaThread "C2 CompilerThread2" daemon [_thread_in_native, id=3808, stack(0x0000000019480000,0x0000000019580000)]
  0x0000000018ac0000 JavaThread "C2 CompilerThread1" daemon [_thread_in_vm, id=7680, stack(0x0000000019380000,0x0000000019480000)]
  0x0000000018ab8000 JavaThread "C2 CompilerThread0" daemon [_thread_in_native, id=2852, stack(0x0000000019280000,0x0000000019380000)]
  0x0000000018ab7000 JavaThread "Attach Listener" daemon [_thread_blocked, id=12476, stack(0x0000000019180000,0x0000000019280000)]
  0x0000000018ab6000 JavaThread "Signal Dispatcher" daemon [_thread_blocked, id=12908, stack(0x0000000019080000,0x0000000019180000)]
  0x0000000018ab0800 JavaThread "Finalizer" daemon [_thread_blocked, id=15044, stack(0x0000000018e90000,0x0000000018f90000)]
  0x0000000016b6b800 JavaThread "Reference Handler" daemon [_thread_blocked, id=5632, stack(0x0000000018990000,0x0000000018a90000)]
  0x0000000002b6e800 JavaThread "main" [_thread_blocked, id=13748, stack(0x0000000002bb0000,0x0000000002cb0000)]

Other Threads:
  0x0000000016b66800 VMThread [stack: 0x0000000018890000,0x0000000018990000] [id=3984]
  0x0000000018b57800 WatcherThread [stack: 0x0000000019780000,0x0000000019880000] [id=8036]

VM state:not at safepoint (normal execution)

VM Mutex/Monitor currently owned by a thread: None

Heap:
 PSYoungGen      total 160768K, used 55455K [0x00000000e0000000, 0x00000000ee680000, 0x0000000100000000)
  eden space 144384K, 27% used [0x00000000e0000000,0x00000000e26880f0,0x00000000e8d00000)
  from space 16384K, 97% used [0x00000000e8d00000,0x00000000e9c9fb88,0x00000000e9d00000)
  to   space 18432K, 0% used [0x00000000ed480000,0x00000000ed480000,0x00000000ee680000)
 ParOldGen       total 172032K, used 20568K [0x00000000a0000000, 0x00000000aa800000, 0x00000000e0000000)
  object space 172032K, 11% used [0x00000000a0000000,0x00000000a1416280,0x00000000aa800000)
 Metaspace       used 52906K, capacity 54381K, committed 54488K, reserved 1095680K
  class space    used 7220K, capacity 7630K, committed 7680K, reserved 1048576K

Card table byte_map: [0x0000000012170000,0x0000000012480000] byte_map_base: 0x0000000011c70000

Marking Bits: (ParMarkBitMap*) 0x0000000071aa5aa0
 Begin Bits: [0x0000000012e80000, 0x0000000014680000)
 End Bits:   [0x0000000014680000, 0x0000000015e80000)

Polling page: 0x00000000012b0000

CodeCache: size=245760Kb used=19017Kb max_used=19017Kb free=226742Kb
 bounds [0x0000000002db0000, 0x0000000004050000, 0x0000000011db0000]
 total_blobs=6042 nmethods=5273 adapters=681
 compilation: enabled

Compilation events (10 events):
Event: 6.558 Thread 0x0000000018ad7800 5309       3       org.gradle.api.internal.attributes.DefaultImmutableAttributes::getIsolatableAttribute (25 bytes)
Event: 6.558 Thread 0x0000000018ad7800 nmethod 5309 0x000000000404a650 code [0x000000000404a7c0, 0x000000000404ab28]
Event: 6.558 Thread 0x0000000018ad7800 5310       1       com.android.build.gradle.internal.publishing.AndroidArtifacts$ArtifactType::getType (5 bytes)
Event: 6.558 Thread 0x0000000018ad7800 nmethod 5310 0x00000000040426d0 code [0x0000000004042820, 0x0000000004042930]
Event: 6.558 Thread 0x0000000018ad7800 5311       3       org.gradle.api.internal.attributes.DefaultImmutableAttributesFactory::mutable (10 bytes)
Event: 6.559 Thread 0x0000000018ad7800 nmethod 5311 0x000000000404ac50 code [0x000000000404adc0, 0x000000000404b070]
Event: 6.559 Thread 0x0000000018ad7800 5312       3       org.gradle.model.internal.registry.RuleBindings::access$400 (7 bytes)
Event: 6.559 Thread 0x0000000018ad7800 nmethod 5312 0x000000000404b190 code [0x000000000404b300, 0x000000000404b468]
Event: 6.559 Thread 0x0000000018ad7800 5313       3       org.gradle.model.internal.registry.RuleBindings::bound (40 bytes)
Event: 6.559 Thread 0x0000000018ad7800 nmethod 5313 0x000000000404b550 code [0x000000000404b700, 0x000000000404bc28]

GC Heap History (10 events):
Event: 2.483 GC heap before
{Heap before GC invocations=5 (full 1):
 PSYoungGen      total 76288K, used 65536K [0x00000000e0000000, 0x00000000e9500000, 0x0000000100000000)
  eden space 65536K, 100% used [0x00000000e0000000,0x00000000e4000000,0x00000000e4000000)
  from space 10752K, 0% used [0x00000000e4000000,0x00000000e4000000,0x00000000e4a80000)
  to   space 10752K, 0% used [0x00000000e8a80000,0x00000000e8a80000,0x00000000e9500000)
 ParOldGen       total 105472K, used 8501K [0x00000000a0000000, 0x00000000a6700000, 0x00000000e0000000)
  object space 105472K, 8% used [0x00000000a0000000,0x00000000a084d6a8,0x00000000a6700000)
 Metaspace       used 26505K, capacity 26902K, committed 27136K, reserved 1073152K
  class space    used 3637K, capacity 3797K, committed 3840K, reserved 1048576K
Event: 2.491 GC heap after
Heap after GC invocations=5 (full 1):
 PSYoungGen      total 105984K, used 6924K [0x00000000e0000000, 0x00000000e9180000, 0x0000000100000000)
  eden space 98816K, 0% used [0x00000000e0000000,0x00000000e0000000,0x00000000e6080000)
  from space 7168K, 96% used [0x00000000e8a80000,0x00000000e9143130,0x00000000e9180000)
  to   space 10752K, 0% used [0x00000000e7c80000,0x00000000e7c80000,0x00000000e8700000)
 ParOldGen       total 105472K, used 8509K [0x00000000a0000000, 0x00000000a6700000, 0x00000000e0000000)
  object space 105472K, 8% used [0x00000000a0000000,0x00000000a084f6a8,0x00000000a6700000)
 Metaspace       used 26505K, capacity 26902K, committed 27136K, reserved 1073152K
  class space    used 3637K, capacity 3797K, committed 3840K, reserved 1048576K
}
Event: 3.324 GC heap before
{Heap before GC invocations=6 (full 1):
 PSYoungGen      total 105984K, used 100398K [0x00000000e0000000, 0x00000000e9180000, 0x0000000100000000)
  eden space 98816K, 94% used [0x00000000e0000000,0x00000000e5b48708,0x00000000e6080000)
  from space 7168K, 96% used [0x00000000e8a80000,0x00000000e9143130,0x00000000e9180000)
  to   space 10752K, 0% used [0x00000000e7c80000,0x00000000e7c80000,0x00000000e8700000)
 ParOldGen       total 105472K, used 8509K [0x00000000a0000000, 0x00000000a6700000, 0x00000000e0000000)
  object space 105472K, 8% used [0x00000000a0000000,0x00000000a084f6a8,0x00000000a6700000)
 Metaspace       used 34653K, capacity 35209K, committed 35416K, reserved 1079296K
  class space    used 4805K, capacity 4992K, committed 4992K, reserved 1048576K
Event: 3.335 GC heap after
Heap after GC invocations=6 (full 1):
 PSYoungGen      total 138240K, used 10744K [0x00000000e0000000, 0x00000000eaa80000, 0x0000000100000000)
  eden space 127488K, 0% used [0x00000000e0000000,0x00000000e0000000,0x00000000e7c80000)
  from space 10752K, 99% used [0x00000000e7c80000,0x00000000e86fe008,0x00000000e8700000)
  to   space 13824K, 0% used [0x00000000e9d00000,0x00000000e9d00000,0x00000000eaa80000)
 ParOldGen       total 105472K, used 10614K [0x00000000a0000000, 0x00000000a6700000, 0x00000000e0000000)
  object space 105472K, 10% used [0x00000000a0000000,0x00000000a0a5d870,0x00000000a6700000)
 Metaspace       used 34653K, capacity 35209K, committed 35416K, reserved 1079296K
  class space    used 4805K, capacity 4992K, committed 4992K, reserved 1048576K
}
Event: 3.335 GC heap before
{Heap before GC invocations=7 (full 2):
 PSYoungGen      total 138240K, used 10744K [0x00000000e0000000, 0x00000000eaa80000, 0x0000000100000000)
  eden space 127488K, 0% used [0x00000000e0000000,0x00000000e0000000,0x00000000e7c80000)
  from space 10752K, 99% used [0x00000000e7c80000,0x00000000e86fe008,0x00000000e8700000)
  to   space 13824K, 0% used [0x00000000e9d00000,0x00000000e9d00000,0x00000000eaa80000)
 ParOldGen       total 105472K, used 10614K [0x00000000a0000000, 0x00000000a6700000, 0x00000000e0000000)
  object space 105472K, 10% used [0x00000000a0000000,0x00000000a0a5d870,0x00000000a6700000)
 Metaspace       used 34653K, capacity 35209K, committed 35416K, reserved 1079296K
  class space    used 4805K, capacity 4992K, committed 4992K, reserved 1048576K
Event: 3.371 GC heap after
Heap after GC invocations=7 (full 2):
 PSYoungGen      total 138240K, used 0K [0x00000000e0000000, 0x00000000eaa80000, 0x0000000100000000)
  eden space 127488K, 0% used [0x00000000e0000000,0x00000000e0000000,0x00000000e7c80000)
  from space 10752K, 0% used [0x00000000e7c80000,0x00000000e7c80000,0x00000000e8700000)
  to   space 13824K, 0% used [0x00000000e9d00000,0x00000000e9d00000,0x00000000eaa80000)
 ParOldGen       total 172032K, used 19100K [0x00000000a0000000, 0x00000000aa800000, 0x00000000e0000000)
  object space 172032K, 11% used [0x00000000a0000000,0x00000000a12a72b0,0x00000000aa800000)
 Metaspace       used 34653K, capacity 35209K, committed 35416K, reserved 1079296K
  class space    used 4805K, capacity 4992K, committed 4992K, reserved 1048576K
}
Event: 4.466 GC heap before
{Heap before GC invocations=8 (full 2):
 PSYoungGen      total 138240K, used 127488K [0x00000000e0000000, 0x00000000eaa80000, 0x0000000100000000)
  eden space 127488K, 100% used [0x00000000e0000000,0x00000000e7c80000,0x00000000e7c80000)
  from space 10752K, 0% used [0x00000000e7c80000,0x00000000e7c80000,0x00000000e8700000)
  to   space 13824K, 0% used [0x00000000e9d00000,0x00000000e9d00000,0x00000000eaa80000)
 ParOldGen       total 172032K, used 19100K [0x00000000a0000000, 0x00000000aa800000, 0x00000000e0000000)
  object space 172032K, 11% used [0x00000000a0000000,0x00000000a12a72b0,0x00000000aa800000)
 Metaspace       used 42413K, capacity 43149K, committed 43352K, reserved 1087488K
  class space    used 5760K, capacity 6004K, committed 6016K, reserved 1048576K
Event: 4.478 GC heap after
Heap after GC invocations=8 (full 2):
 PSYoungGen      total 158208K, used 13821K [0x00000000e0000000, 0x00000000ed080000, 0x0000000100000000)
  eden space 144384K, 0% used [0x00000000e0000000,0x00000000e0000000,0x00000000e8d00000)
  from space 13824K, 99% used [0x00000000e9d00000,0x00000000eaa7f610,0x00000000eaa80000)
  to   space 16384K, 0% used [0x00000000e8d00000,0x00000000e8d00000,0x00000000e9d00000)
 ParOldGen       total 172032K, used 20496K [0x00000000a0000000, 0x00000000aa800000, 0x00000000e0000000)
  object space 172032K, 11% used [0x00000000a0000000,0x00000000a1404270,0x00000000aa800000)
 Metaspace       used 42413K, capacity 43149K, committed 43352K, reserved 1087488K
  class space    used 5760K, capacity 6004K, committed 6016K, reserved 1048576K
}
Event: 6.159 GC heap before
{Heap before GC invocations=9 (full 2):
 PSYoungGen      total 158208K, used 158205K [0x00000000e0000000, 0x00000000ed080000, 0x0000000100000000)
  eden space 144384K, 100% used [0x00000000e0000000,0x00000000e8d00000,0x00000000e8d00000)
  from space 13824K, 99% used [0x00000000e9d00000,0x00000000eaa7f610,0x00000000eaa80000)
  to   space 16384K, 0% used [0x00000000e8d00000,0x00000000e8d00000,0x00000000e9d00000)
 ParOldGen       total 172032K, used 20496K [0x00000000a0000000, 0x00000000aa800000, 0x00000000e0000000)
  object space 172032K, 11% used [0x00000000a0000000,0x00000000a1404270,0x00000000aa800000)
 Metaspace       used 49931K, capacity 51127K, committed 51416K, reserved 1093632K
  class space    used 6732K, capacity 7087K, committed 7168K, reserved 1048576K
Event: 6.170 GC heap after
Heap after GC invocations=9 (full 2):
 PSYoungGen      total 160768K, used 15998K [0x00000000e0000000, 0x00000000ee680000, 0x0000000100000000)
  eden space 144384K, 0% used [0x00000000e0000000,0x00000000e0000000,0x00000000e8d00000)
  from space 16384K, 97% used [0x00000000e8d00000,0x00000000e9c9fb88,0x00000000e9d00000)
  to   space 18432K, 0% used [0x00000000ed480000,0x00000000ed480000,0x00000000ee680000)
 ParOldGen       total 172032K, used 20568K [0x00000000a0000000, 0x00000000aa800000, 0x00000000e0000000)
  object space 172032K, 11% used [0x00000000a0000000,0x00000000a1416280,0x00000000aa800000)
 Metaspace       used 49931K, capacity 51127K, committed 51416K, reserved 1093632K
  class space    used 6732K, capacity 7087K, committed 7168K, reserved 1048576K
}

Deoptimization events (10 events):
Event: 5.466 Thread 0x000000001ac0b800 Uncommon trap: reason=unstable_if action=reinterpret pc=0x0000000003ddd9cc method=com.sun.org.apache.xerces.internal.impl.io.UTF8Reader.read([CII)I @ 131
Event: 5.466 Thread 0x000000001ac0b800 Uncommon trap: reason=unstable_if action=reinterpret pc=0x0000000003dc6a28 method=com.sun.org.apache.xerces.internal.impl.io.UTF8Reader.read([CII)I @ 131
Event: 5.467 Thread 0x000000001ac0b800 Uncommon trap: reason=unstable_if action=reinterpret pc=0x0000000003dc90b8 method=java.util.regex.Pattern$BitClass.isSatisfiedBy(I)Z @ 4
Event: 5.467 Thread 0x000000001ac0b800 Uncommon trap: reason=unstable_if action=reinterpret pc=0x0000000003d7140c method=java.util.regex.Pattern$Ctype.isSatisfiedBy(I)Z @ 4
Event: 5.965 Thread 0x000000001ac0b800 Uncommon trap: reason=unstable_if action=reinterpret pc=0x0000000003dbed54 method=com.sun.org.apache.xerces.internal.impl.XMLEntityScanner.scanContent(Lcom/sun/org/apache/xerces/internal/xni/XMLString;)I @ 44
Event: 5.967 Thread 0x000000001ac0b800 Uncommon trap: reason=unstable_if action=reinterpret pc=0x0000000003d30034 method=com.sun.org.apache.xerces.internal.impl.XMLEntityScanner.checkBeforeLoad(Lcom/sun/xml/internal/stream/Entity$ScannedEntity;II)I @ 18
Event: 6.213 Thread 0x000000001ac0b800 Uncommon trap: reason=class_check action=maybe_recompile pc=0x000000000356f708 method=java.io.BufferedInputStream.read1([BII)I @ 39
Event: 6.213 Thread 0x000000001ac0b800 Uncommon trap: reason=class_check action=maybe_recompile pc=0x000000000355e718 method=java.io.BufferedInputStream.read1([BII)I @ 39
Event: 6.533 Thread 0x000000001ac0b800 Uncommon trap: reason=unstable_if action=reinterpret pc=0x0000000003b0e710 method=java.util.TreeMap.put(Ljava/lang/Object;Ljava/lang/Object;)Ljava/lang/Object; @ 163
Event: 6.541 Thread 0x000000001ac0b800 Uncommon trap: reason=unstable_if action=reinterpret pc=0x0000000004011040 method=org.gradle.api.internal.project.taskfactory.DefaultTaskClassInfoStore.createTaskAction(Ljava/lang/Class;Ljava/lang/reflect/Method;Ljava/util/Map;)Lorg/gradle/api/internal/pr

Classes redefined (0 events):
No events

Internal exceptions (10 events):
Event: 5.942 Thread 0x000000001ac0b800 Exception <a 'sun/nio/fs/WindowsException'> (0x00000000e7cd0f30) thrown at [D:\src\AOSP-openjdk-cygwin\jdk8u\hotspot\src\share\vm\prims\jni.cpp, line 709]
Event: 5.942 Thread 0x000000001ac0b800 Exception <a 'sun/nio/fs/WindowsException'> (0x00000000e7cd18e0) thrown at [D:\src\AOSP-openjdk-cygwin\jdk8u\hotspot\src\share\vm\prims\jni.cpp, line 709]
Event: 5.987 Thread 0x000000001ac0b800 Exception <a 'java/lang/NoSuchMethodError': java.lang.Object.lambda$comparing$77a9974f$1(Ljava/util/function/Function;Ljava/lang/Object;Ljava/lang/Object;)I> (0x00000000e7e8e588) thrown at [D:\src\AOSP-openjdk-cygwin\jdk8u\hotspot\src\share\vm\interpreter
Event: 5.988 Thread 0x000000001ac0b800 Exception <a 'java/lang/NoSuchMethodError': java.lang.Object.lambda$thenComparing$36697e65$1(Ljava/util/Comparator;Ljava/lang/Object;Ljava/lang/Object;)I> (0x00000000e7e99c08) thrown at [D:\src\AOSP-openjdk-cygwin\jdk8u\hotspot\src\share\vm\interpreter\li
Event: 6.008 Thread 0x000000001ac0b800 Exception <a 'java/lang/NoSuchMethodError': java.lang.Object.lambda$maxBy$1(Ljava/util/Comparator;Ljava/lang/Object;Ljava/lang/Object;)Ljava/lang/Object;> (0x00000000e7fe80a0) thrown at [D:\src\AOSP-openjdk-cygwin\jdk8u\hotspot\src\share\vm\interpreter\li
Event: 6.087 Thread 0x000000001ac0b800 Exception <a 'java/lang/ClassNotFoundException': org/gradle/api/plugins/BasePluginConventionBeanInfo> (0x00000000e865a6b0) thrown at [D:\src\AOSP-openjdk-cygwin\jdk8u\hotspot\src\share\vm\classfile\systemDictionary.cpp, line 210]
Event: 6.088 Thread 0x000000001ac0b800 Exception <a 'java/lang/ClassNotFoundException': org/gradle/api/plugins/BasePluginConventionCustomizer> (0x00000000e867f000) thrown at [D:\src\AOSP-openjdk-cygwin\jdk8u\hotspot\src\share\vm\classfile\systemDictionary.cpp, line 210]
Event: 6.432 Thread 0x000000001ac0b800 Exception <a 'java/lang/NoSuchMethodError': java.lang.Object.lambda$static$0(Ljava/util/Set;Ljava/util/Set;)Z> (0x00000000e1821eb0) thrown at [D:\src\AOSP-openjdk-cygwin\jdk8u\hotspot\src\share\vm\interpreter\linkResolver.cpp, line 584]
Event: 6.432 Thread 0x000000001ac0b800 Exception <a 'java/lang/NoSuchMethodError': java.lang.Object.lambda$static$1(Ljava/util/Set;Ljava/util/Set;)Z> (0x00000000e1824a50) thrown at [D:\src\AOSP-openjdk-cygwin\jdk8u\hotspot\src\share\vm\interpreter\linkResolver.cpp, line 584]
Event: 6.432 Thread 0x000000001ac0b800 Exception <a 'java/lang/NoSuchMethodError': java.lang.Object.lambda$static$2(Ljava/util/Set;Ljava/util/Set;)Z> (0x00000000e18271c0) thrown at [D:\src\AOSP-openjdk-cygwin\jdk8u\hotspot\src\share\vm\interpreter\linkResolver.cpp, line 584]

Events (10 events):
Event: 6.547 loading class com/android/build/gradle/tasks/factory/AndroidUnitTest
Event: 6.547 loading class com/android/build/gradle/tasks/factory/AndroidUnitTest done
Event: 6.547 loading class com/android/build/gradle/tasks/factory/AndroidUnitTest
Event: 6.547 loading class com/android/build/gradle/tasks/factory/AndroidUnitTest done
Event: 6.550 loading class com/android/build/gradle/internal/tasks/TestPreBuildTask$ConfigAction
Event: 6.550 loading class com/android/build/gradle/internal/tasks/TestPreBuildTask$ConfigAction done
Event: 6.550 loading class com/android/build/gradle/internal/tasks/TestPreBuildTask
Event: 6.550 loading class com/android/build/gradle/internal/tasks/TestPreBuildTask done
Event: 6.559 loading class com/android/build/gradle/tasks/ProcessTestManifest$ConfigAction
Event: 6.559 loading class com/android/build/gradle/tasks/ProcessTestManifest$ConfigAction done


Dynamic libraries:
0x00007ff660c20000 - 0x00007ff660c51000 	C:\Program Files\Android\Android Studio\jre\bin\java.exe
0x00007ff97bdb0000 - 0x00007ff97bf91000 	C:\WINDOWS\SYSTEM32\ntdll.dll
0x00007ff97b870000 - 0x00007ff97b922000 	C:\WINDOWS\System32\KERNEL32.DLL
0x00007ff978b10000 - 0x00007ff978d83000 	C:\WINDOWS\System32\KERNELBASE.dll
0x00007ff979950000 - 0x00007ff9799f1000 	C:\WINDOWS\System32\ADVAPI32.dll
0x00007ff97b430000 - 0x00007ff97b4ce000 	C:\WINDOWS\System32\msvcrt.dll
0x00007ff979610000 - 0x00007ff97966b000 	C:\WINDOWS\System32\sechost.dll
0x00007ff9792f0000 - 0x00007ff979414000 	C:\WINDOWS\System32\RPCRT4.dll
0x00007ff979a00000 - 0x00007ff979b90000 	C:\WINDOWS\System32\USER32.dll
0x00007ff978f80000 - 0x00007ff978fa0000 	C:\WINDOWS\System32\win32u.dll
0x00007ff979f10000 - 0x00007ff979f38000 	C:\WINDOWS\System32\GDI32.dll
0x00007ff9790a0000 - 0x00007ff979232000 	C:\WINDOWS\System32\gdi32full.dll
0x00007ff979000000 - 0x00007ff97909f000 	C:\WINDOWS\System32\msvcp_win.dll
0x00007ff978180000 - 0x00007ff97827a000 	C:\WINDOWS\System32\ucrtbase.dll
0x00007ff9689a0000 - 0x00007ff968c09000 	C:\WINDOWS\WinSxS\amd64_microsoft.windows.common-controls_6595b64144ccf1df_6.0.17134.407_none_fb449d63306391e9\COMCTL32.dll
0x00007ff97b4d0000 - 0x00007ff97b7f2000 	C:\WINDOWS\System32\combase.dll
0x00007ff978a40000 - 0x00007ff978aba000 	C:\WINDOWS\System32\bcryptPrimitives.dll
0x00007ff9794a0000 - 0x00007ff9794cd000 	C:\WINDOWS\System32\IMM32.DLL
0x0000000070360000 - 0x0000000070432000 	C:\Program Files\Android\Android Studio\jre\jre\bin\msvcr100.dll
0x00000000712e0000 - 0x0000000071b21000 	C:\Program Files\Android\Android Studio\jre\jre\bin\server\jvm.dll
0x00007ff979240000 - 0x00007ff979248000 	C:\WINDOWS\System32\PSAPI.DLL
0x00007ff972ff0000 - 0x00007ff972ff9000 	C:\WINDOWS\SYSTEM32\WSOCK32.dll
0x00007ff973f70000 - 0x00007ff973f93000 	C:\WINDOWS\SYSTEM32\WINMM.dll
0x00007ff970d10000 - 0x00007ff970d1a000 	C:\WINDOWS\SYSTEM32\VERSION.dll
0x00007ff9794d0000 - 0x00007ff97953c000 	C:\WINDOWS\System32\WS2_32.dll
0x00007ff973e50000 - 0x00007ff973e7a000 	C:\WINDOWS\SYSTEM32\winmmbase.dll
0x00007ff978ac0000 - 0x00007ff978b09000 	C:\WINDOWS\System32\cfgmgr32.dll
0x00007ff96c1c0000 - 0x00007ff96c1cf000 	C:\Program Files\Android\Android Studio\jre\jre\bin\verify.dll
0x00007ff969480000 - 0x00007ff9694a9000 	C:\Program Files\Android\Android Studio\jre\jre\bin\java.dll
0x00007ff96c1a0000 - 0x00007ff96c1b6000 	C:\Program Files\Android\Android Studio\jre\jre\bin\zip.dll
0x00007ff979f40000 - 0x00007ff97b37f000 	C:\WINDOWS\System32\SHELL32.dll
0x00007ff97b380000 - 0x00007ff97b429000 	C:\WINDOWS\System32\shcore.dll
0x00007ff978330000 - 0x00007ff978a3d000 	C:\WINDOWS\System32\windows.storage.dll
0x00007ff979680000 - 0x00007ff9796d1000 	C:\WINDOWS\System32\shlwapi.dll
0x00007ff978120000 - 0x00007ff978131000 	C:\WINDOWS\System32\kernel.appcore.dll
0x00007ff978160000 - 0x00007ff97817f000 	C:\WINDOWS\System32\profapi.dll
0x00007ff9780d0000 - 0x00007ff97811c000 	C:\WINDOWS\System32\powrprof.dll
0x00007ff9780c0000 - 0x00007ff9780ca000 	C:\WINDOWS\System32\FLTLIB.DLL
0x00007ff969460000 - 0x00007ff96947a000 	C:\Program Files\Android\Android Studio\jre\jre\bin\net.dll
0x00007ff977940000 - 0x00007ff9779a6000 	C:\WINDOWS\system32\mswsock.dll
0x00007ff969440000 - 0x00007ff969451000 	C:\Program Files\Android\Android Studio\jre\jre\bin\nio.dll
0x00007ff9504b0000 - 0x00007ff9504ce000 	D:\Android\.gradle\native\25\windows-amd64\native-platform.dll
0x00007ff969430000 - 0x00007ff96943d000 	C:\Program Files\Android\Android Studio\jre\jre\bin\management.dll
0x00007ff977af0000 - 0x00007ff977b07000 	C:\WINDOWS\SYSTEM32\CRYPTSP.dll
0x00007ff977520000 - 0x00007ff977553000 	C:\WINDOWS\system32\rsaenh.dll
0x00007ff977c20000 - 0x00007ff977c45000 	C:\WINDOWS\SYSTEM32\bcrypt.dll
0x00007ff977fc0000 - 0x00007ff977fe8000 	C:\WINDOWS\SYSTEM32\USERENV.dll
0x00007ff977b10000 - 0x00007ff977b1b000 	C:\WINDOWS\SYSTEM32\CRYPTBASE.dll
0x00007ff9776c0000 - 0x00007ff9776f8000 	C:\WINDOWS\SYSTEM32\IPHLPAPI.DLL
0x00007ff97b860000 - 0x00007ff97b868000 	C:\WINDOWS\System32\NSI.dll
0x00007ff9729d0000 - 0x00007ff9729e6000 	C:\WINDOWS\SYSTEM32\dhcpcsvc6.DLL
0x00007ff972b50000 - 0x00007ff972b6a000 	C:\WINDOWS\SYSTEM32\dhcpcsvc.DLL

VM Arguments:
jvm_args: -Xmx1536m -Dfile.encoding=windows-1252 -Duser.country=US -Duser.language=en -Duser.variant 
java_command: org.gradle.launcher.daemon.bootstrap.GradleDaemon 4.6
java_class_path (initial): D:\Android\.gradle\wrapper\dists\gradle-4.6-all\bcst21l2brirad8k2ben1letg\gradle-4.6\lib\gradle-launcher-4.6.jar
Launcher Type: SUN_STANDARD

Environment Variables:
JAVA_HOME=C:\Program Files\Java\jdk1.8.0_191
PATH=C:\Program Files (x86)\Common Files\Oracle\Java\javapath;C:\WINDOWS\system32;C:\WINDOWS;C:\WINDOWS\System32\Wbem;C:\WINDOWS\System32\WindowsPowerShell\v1.0\;C:\Program Files\dotnet\;C:\Program Files\Microsoft SQL Server\130\Tools\Binn\;C:\Program Files\Git\cmd;C:\Program Files\TortoiseSVN\bin;C:\ProgramData\php7;C:\ProgramData\ComposerSetup\bin;C:\Program Files\Calibre2\;C:\Program Files\PuTTY\;C:\Program Files\Sublime Text 3\;C:\ProgramData\chocolatey\bin;C:\Program Files\nodejs\;C:\Program Files (x86)\Yarn\bin\;C:\WINDOWS\System32\OpenSSH\;C:\Users\User\AppData\Local\Programs\Python\Python36-32\Scripts;C:\AppTechGateway\Maven\apache-maven-3.5.4\bin;C:\Program Files\Java\jdk1.8.0_191\bin;C:\Program Files\TortoiseGit\bin;C:\Users\User\AppData\Local\Microsoft\WindowsApps;C:\Users\User\AppData\Roaming\Composer\vendor\bin;C:\Users\User\AppData\Roaming\npm;C:\Users\User\AppData\Local\Yarn\bin;C:\Users\User\AppData\Local\Tidy;C:\Users\User\AppData\Local\Programs\Python\Python36-32\Scripts;C:\Program Files\Java\jdk1.8.0_191\bin;C:\Users\User\AppData\Local\Programs\Microsoft VS Code\bin;C:\Users\User\AppData\Local\GitHubDesktop\bin
USERNAME=User
OS=Windows_NT
PROCESSOR_IDENTIFIER=Intel64 Family 6 Model 60 Stepping 3, GenuineIntel



---------------  S Y S T E M  ---------------

OS: Windows 10.0 , 64 bit Build 17134 (10.0.17134.1)

CPU:total 8 (initial active 8) (4 cores per cpu, 2 threads per core) family 6 model 60 stepping 3, cmov, cx8, fxsr, mmx, sse, sse2, sse3, ssse3, sse4.1, sse4.2, popcnt, avx, avx2, aes, clmul, erms, lzcnt, ht, tsc, tscinvbit, bmi1, bmi2

Memory: 4k page, physical 16713508k(4919128k free), swap 16713508k(6464k free)

vm_info: OpenJDK 64-Bit Server VM (25.152-b06) for windows-amd64 JRE (1.8.0_152-release-1136-b06), built by "builder" with MS VC++ 10.0 (VS2010)

time: Mon Dec 10 14:22:17 2018
elapsed time: 6 seconds (0d 0h 0m 6s)

