#
# There is insufficient memory for the Java Runtime Environment to continue.
# Native memory allocation (malloc) failed to allocate 1118256 bytes for Chunk::new
# Possible reasons:
#   The system is out of physical RAM or swap space
#   In 32 bit mode, the process size limit was hit
# Possible solutions:
#   Reduce memory load on the system
#   Increase physical memory or swap space
#   Check if swap backing store is full
#   Use 64 bit Java on a 64 bit OS
#   Decrease Java heap size (-Xmx/-Xms)
#   Decrease number of Java threads
#   Decrease Java thread stack sizes (-Xss)
#   Set larger code cache with -XX:ReservedCodeCacheSize=
# This output file may be truncated or incomplete.
#
#  Out of Memory Error (allocation.cpp:390), pid=13700, tid=0x0000000000002bdc
#
# JRE version: OpenJDK Runtime Environment (8.0_152-b06) (build 1.8.0_152-release-1136-b06)
# Java VM: OpenJDK 64-Bit Server VM (25.152-b06 mixed mode windows-amd64 compressed oops)
# Failed to write core dump. Minidumps are not enabled by default on client versions of Windows
#

---------------  T H R E A D  ---------------

Current thread (0x00000000182dd000):  JavaThread "C2 CompilerThread1" daemon [_thread_in_native, id=11228, stack(0x0000000018ba0000,0x0000000018ca0000)]

Stack: [0x0000000018ba0000,0x0000000018ca0000]
[error occurred during error reporting (printing stack bounds), id 0xc0000005]

Native frames: (J=compiled Java code, j=interpreted, Vv=VM code, C=native code)


Current CompileTask:
C2:   9037 5089       4       java.lang.Class::getMethod0 (40 bytes)


---------------  P R O C E S S  ---------------

Java Threads: ( => current thread )
  0x000000001d5e7000 JavaThread "Memory manager" [_thread_blocked, id=13448, stack(0x0000000022c60000,0x0000000022d60000)]
  0x000000001d5e6000 JavaThread "pool-1-thread-1" [_thread_blocked, id=4056, stack(0x0000000022850000,0x0000000022950000)]
  0x000000001d5ea800 JavaThread "Build operations Thread 8" [_thread_blocked, id=6060, stack(0x0000000022350000,0x0000000022450000)]
  0x000000001a537000 JavaThread "Build operations Thread 7" [_thread_blocked, id=14772, stack(0x0000000021ff0000,0x00000000220f0000)]
  0x000000001a535800 JavaThread "Build operations Thread 6" [_thread_blocked, id=11408, stack(0x0000000021ef0000,0x0000000021ff0000)]
  0x000000001a537800 JavaThread "Build operations Thread 5" [_thread_blocked, id=1152, stack(0x0000000021df0000,0x0000000021ef0000)]
  0x000000001a534000 JavaThread "Build operations Thread 4" [_thread_blocked, id=14104, stack(0x0000000021cf0000,0x0000000021df0000)]
  0x000000001a536000 JavaThread "Build operations Thread 3" [_thread_blocked, id=12408, stack(0x0000000021bf0000,0x0000000021cf0000)]
  0x000000001a533000 JavaThread "Build operations Thread 2" [_thread_blocked, id=13424, stack(0x0000000021af0000,0x0000000021bf0000)]
  0x000000001a539000 JavaThread "Build operations" [_thread_blocked, id=15184, stack(0x00000000219f0000,0x0000000021af0000)]
  0x000000001a538800 JavaThread "Cache worker for Artifact transforms cache (D:\Android\.gradle\caches\transforms-1)" [_thread_blocked, id=11896, stack(0x000000001ee60000,0x000000001ef60000)]
  0x000000001bf35000 JavaThread "Cache worker for file hash cache (D:\Projects\AndroidActiveMQDemo\.gradle\4.6\fileHashes)" [_thread_blocked, id=11396, stack(0x000000001cdc0000,0x000000001cec0000)]
  0x000000001a53c800 JavaThread "File lock request listener" [_thread_in_native, id=14720, stack(0x000000001bcf0000,0x000000001bdf0000)]
  0x000000001a4e7800 JavaThread "Cache worker for file hash cache (D:\Android\.gradle\caches\4.6\fileHashes)" [_thread_blocked, id=14852, stack(0x000000001bbf0000,0x000000001bcf0000)]
  0x000000001a3ef000 JavaThread "Stdin handler" [_thread_blocked, id=14252, stack(0x000000001b7f0000,0x000000001b8f0000)]
  0x000000001a1a4800 JavaThread "Asynchronous log dispatcher for DefaultDaemonConnection: socket connection from /127.0.0.1:53105 to /127.0.0.1:53106" [_thread_blocked, id=10548, stack(0x000000001b6f0000,0x000000001b7f0000)]
  0x000000001a3cd800 JavaThread "Daemon worker" [_thread_in_Java, id=12140, stack(0x000000001b5f0000,0x000000001b6f0000)]
  0x000000001a3ca000 JavaThread "Cancel handler" [_thread_blocked, id=14832, stack(0x000000001b4f0000,0x000000001b5f0000)]
  0x000000001a190800 JavaThread "Handler for socket connection from /127.0.0.1:53105 to /127.0.0.1:53106" [_thread_in_native, id=8920, stack(0x000000001b1f0000,0x000000001b2f0000)]
  0x000000001a38f000 JavaThread "Daemon" [_thread_blocked, id=10080, stack(0x000000001b0f0000,0x000000001b1f0000)]
  0x000000001a1ed800 JavaThread "Daemon periodic checks" [_thread_blocked, id=9964, stack(0x000000001aff0000,0x000000001b0f0000)]
  0x000000001a163000 JavaThread "Incoming local TCP Connector on port 53105" [_thread_in_native, id=15052, stack(0x000000001adb0000,0x000000001aeb0000)]
  0x0000000018333000 JavaThread "Service Thread" daemon [_thread_blocked, id=9200, stack(0x0000000018ea0000,0x0000000018fa0000)]
  0x00000000182eb000 JavaThread "C1 CompilerThread3" daemon [_thread_blocked, id=13800, stack(0x0000000018da0000,0x0000000018ea0000)]
  0x00000000182e1800 JavaThread "C2 CompilerThread2" daemon [_thread_in_native, id=2464, stack(0x0000000018ca0000,0x0000000018da0000)]
=>0x00000000182dd000 JavaThread "C2 CompilerThread1" daemon [_thread_in_native, id=11228, stack(0x0000000018ba0000,0x0000000018ca0000)]
  0x00000000182d9000 JavaThread "C2 CompilerThread0" daemon [_thread_in_native, id=1712, stack(0x0000000018aa0000,0x0000000018ba0000)]
  0x00000000182d7800 JavaThread "Attach Listener" daemon [_thread_blocked, id=15280, stack(0x00000000189a0000,0x0000000018aa0000)]
  0x00000000163fe800 JavaThread "Signal Dispatcher" daemon [_thread_blocked, id=14428, stack(0x00000000188a0000,0x00000000189a0000)]
  0x000000000262e800 JavaThread "Finalizer" daemon [_thread_blocked, id=10712, stack(0x00000000186b0000,0x00000000187b0000)]
  0x0000000002627800 JavaThread "Reference Handler" daemon [_thread_blocked, id=8056, stack(0x00000000181b0000,0x00000000182b0000)]
  0x000000000234e800 JavaThread "main" [_thread_blocked, id=13948, stack(0x0000000002430000,0x0000000002530000)]

Other Threads:
  0x00000000163e7800 VMThread [stack: 0x00000000180b0000,0x00000000181b0000] [id=11632]
  0x0000000018334000 WatcherThread [stack: 0x0000000018fa0000,0x00000000190a0000] [id=6800]

VM state:not at safepoint (normal execution)

VM Mutex/Monitor currently owned by a thread: None

Heap:
 PSYoungGen      total 162304K, used 29917K [0x00000000e0000000, 0x00000000ef500000, 0x0000000100000000)
  eden space 145920K, 9% used [0x00000000e0000000,0x00000000e0d636a0,0x00000000e8e80000)
  from space 16384K, 98% used [0x00000000e8e80000,0x00000000e9e54010,0x00000000e9e80000)
  to   space 18432K, 0% used [0x00000000ee300000,0x00000000ee300000,0x00000000ef500000)
 ParOldGen       total 167936K, used 20650K [0x00000000a0000000, 0x00000000aa400000, 0x00000000e0000000)
  object space 167936K, 12% used [0x00000000a0000000,0x00000000a142abb8,0x00000000aa400000)
 Metaspace       used 51034K, capacity 52318K, committed 52608K, reserved 1095680K
  class space    used 6901K, capacity 7222K, committed 7296K, reserved 1048576K

Card table byte_map: [0x00000000119f0000,0x0000000011d00000] byte_map_base: 0x00000000114f0000

Marking Bits: (ParMarkBitMap*) 0x0000000071aa5aa0
 Begin Bits: [0x0000000012700000, 0x0000000013f00000)
 End Bits:   [0x0000000013f00000, 0x0000000015700000)

Polling page: 0x0000000000c80000

CodeCache: size=245760Kb used=16855Kb max_used=16855Kb free=228904Kb
 bounds [0x0000000002630000, 0x00000000036c0000, 0x0000000011630000]
 total_blobs=5510 nmethods=4747 adapters=675
 compilation: enabled

Compilation events (10 events):
Event: 9.023 Thread 0x00000000182eb000 nmethod 5130 0x00000000036a4010 code [0x00000000036a4200, 0x00000000036a48a8]
Event: 9.023 Thread 0x00000000182eb000 5131       3       org.gradle.model.internal.registry.RuleBindings$NodeAtStateIndex::getByPath (34 bytes)
Event: 9.023 Thread 0x00000000182eb000 nmethod 5131 0x00000000036a4bd0 code [0x00000000036a4d80, 0x00000000036a53f8]
Event: 9.025 Thread 0x00000000182eb000 5132       3       java.util.TreeMap::keySet (5 bytes)
Event: 9.026 Thread 0x00000000182eb000 nmethod 5132 0x00000000036a5690 code [0x00000000036a5820, 0x00000000036a5c30]
Event: 9.026 Thread 0x00000000182eb000 5134       3       org.gradle.api.internal.tasks.DefaultTaskDependency::<init> (15 bytes)
Event: 9.026 Thread 0x00000000182eb000 nmethod 5134 0x0000000003699510 code [0x0000000003699680, 0x00000000036998b0]
Event: 9.026 Thread 0x00000000182eb000 5133       3       java.util.TreeMap$KeySet::size (10 bytes)
Event: 9.026 Thread 0x00000000182eb000 nmethod 5133 0x00000000036a5e50 code [0x00000000036a5fc0, 0x00000000036a61e8]
Event: 9.031 Thread 0x00000000182eb000 5135       3       org.gradle.api.internal.AbstractClassGenerator::inspectType (524 bytes)

GC Heap History (10 events):
Event: 3.611 GC heap before
{Heap before GC invocations=5 (full 1):
 PSYoungGen      total 76288K, used 65536K [0x00000000e0000000, 0x00000000e9500000, 0x0000000100000000)
  eden space 65536K, 100% used [0x00000000e0000000,0x00000000e4000000,0x00000000e4000000)
  from space 10752K, 0% used [0x00000000e4000000,0x00000000e4000000,0x00000000e4a80000)
  to   space 10752K, 0% used [0x00000000e8a80000,0x00000000e8a80000,0x00000000e9500000)
 ParOldGen       total 104448K, used 8502K [0x00000000a0000000, 0x00000000a6600000, 0x00000000e0000000)
  object space 104448K, 8% used [0x00000000a0000000,0x00000000a084d930,0x00000000a6600000)
 Metaspace       used 26520K, capacity 26966K, committed 27136K, reserved 1073152K
  class space    used 3637K, capacity 3797K, committed 3840K, reserved 1048576K
Event: 3.617 GC heap after
Heap after GC invocations=5 (full 1):
 PSYoungGen      total 107008K, used 6993K [0x00000000e0000000, 0x00000000e9180000, 0x0000000100000000)
  eden space 99840K, 0% used [0x00000000e0000000,0x00000000e0000000,0x00000000e6180000)
  from space 7168K, 97% used [0x00000000e8a80000,0x00000000e9154610,0x00000000e9180000)
  to   space 10752K, 0% used [0x00000000e7c80000,0x00000000e7c80000,0x00000000e8700000)
 ParOldGen       total 104448K, used 8510K [0x00000000a0000000, 0x00000000a6600000, 0x00000000e0000000)
  object space 104448K, 8% used [0x00000000a0000000,0x00000000a084f930,0x00000000a6600000)
 Metaspace       used 26520K, capacity 26966K, committed 27136K, reserved 1073152K
  class space    used 3637K, capacity 3797K, committed 3840K, reserved 1048576K
}
Event: 5.959 GC heap before
{Heap before GC invocations=6 (full 1):
 PSYoungGen      total 107008K, used 102053K [0x00000000e0000000, 0x00000000e9180000, 0x0000000100000000)
  eden space 99840K, 95% used [0x00000000e0000000,0x00000000e5cd4df8,0x00000000e6180000)
  from space 7168K, 97% used [0x00000000e8a80000,0x00000000e9154610,0x00000000e9180000)
  to   space 10752K, 0% used [0x00000000e7c80000,0x00000000e7c80000,0x00000000e8700000)
 ParOldGen       total 104448K, used 8510K [0x00000000a0000000, 0x00000000a6600000, 0x00000000e0000000)
  object space 104448K, 8% used [0x00000000a0000000,0x00000000a084f930,0x00000000a6600000)
 Metaspace       used 34827K, capacity 35290K, committed 35416K, reserved 1079296K
  class space    used 4828K, capacity 4999K, committed 5120K, reserved 1048576K
Event: 5.969 GC heap after
Heap after GC invocations=6 (full 1):
 PSYoungGen      total 138240K, used 10735K [0x00000000e0000000, 0x00000000eac00000, 0x0000000100000000)
  eden space 127488K, 0% used [0x00000000e0000000,0x00000000e0000000,0x00000000e7c80000)
  from space 10752K, 99% used [0x00000000e7c80000,0x00000000e86fbf58,0x00000000e8700000)
  to   space 13824K, 0% used [0x00000000e9e80000,0x00000000e9e80000,0x00000000eac00000)
 ParOldGen       total 104448K, used 10734K [0x00000000a0000000, 0x00000000a6600000, 0x00000000e0000000)
  object space 104448K, 10% used [0x00000000a0000000,0x00000000a0a7b800,0x00000000a6600000)
 Metaspace       used 34827K, capacity 35290K, committed 35416K, reserved 1079296K
  class space    used 4828K, capacity 4999K, committed 5120K, reserved 1048576K
}
Event: 5.969 GC heap before
{Heap before GC invocations=7 (full 2):
 PSYoungGen      total 138240K, used 10735K [0x00000000e0000000, 0x00000000eac00000, 0x0000000100000000)
  eden space 127488K, 0% used [0x00000000e0000000,0x00000000e0000000,0x00000000e7c80000)
  from space 10752K, 99% used [0x00000000e7c80000,0x00000000e86fbf58,0x00000000e8700000)
  to   space 13824K, 0% used [0x00000000e9e80000,0x00000000e9e80000,0x00000000eac00000)
 ParOldGen       total 104448K, used 10734K [0x00000000a0000000, 0x00000000a6600000, 0x00000000e0000000)
  object space 104448K, 10% used [0x00000000a0000000,0x00000000a0a7b800,0x00000000a6600000)
 Metaspace       used 34827K, capacity 35290K, committed 35416K, reserved 1079296K
  class space    used 4828K, capacity 4999K, committed 5120K, reserved 1048576K
Event: 6.002 GC heap after
Heap after GC invocations=7 (full 2):
 PSYoungGen      total 138240K, used 0K [0x00000000e0000000, 0x00000000eac00000, 0x0000000100000000)
  eden space 127488K, 0% used [0x00000000e0000000,0x00000000e0000000,0x00000000e7c80000)
  from space 10752K, 0% used [0x00000000e7c80000,0x00000000e7c80000,0x00000000e8700000)
  to   space 13824K, 0% used [0x00000000e9e80000,0x00000000e9e80000,0x00000000eac00000)
 ParOldGen       total 167936K, used 19246K [0x00000000a0000000, 0x00000000aa400000, 0x00000000e0000000)
  object space 167936K, 11% used [0x00000000a0000000,0x00000000a12cb968,0x00000000aa400000)
 Metaspace       used 34827K, capacity 35290K, committed 35416K, reserved 1079296K
  class space    used 4828K, capacity 4999K, committed 5120K, reserved 1048576K
}
Event: 7.043 GC heap before
{Heap before GC invocations=8 (full 2):
 PSYoungGen      total 138240K, used 127488K [0x00000000e0000000, 0x00000000eac00000, 0x0000000100000000)
  eden space 127488K, 100% used [0x00000000e0000000,0x00000000e7c80000,0x00000000e7c80000)
  from space 10752K, 0% used [0x00000000e7c80000,0x00000000e7c80000,0x00000000e8700000)
  to   space 13824K, 0% used [0x00000000e9e80000,0x00000000e9e80000,0x00000000eac00000)
 ParOldGen       total 167936K, used 19246K [0x00000000a0000000, 0x00000000aa400000, 0x00000000e0000000)
  object space 167936K, 11% used [0x00000000a0000000,0x00000000a12cb968,0x00000000aa400000)
 Metaspace       used 42432K, capacity 43216K, committed 43392K, reserved 1087488K
  class space    used 5755K, capacity 6003K, committed 6016K, reserved 1048576K
Event: 7.056 GC heap after
Heap after GC invocations=8 (full 2):
 PSYoungGen      total 159744K, used 13792K [0x00000000e0000000, 0x00000000ed980000, 0x0000000100000000)
  eden space 145920K, 0% used [0x00000000e0000000,0x00000000e0000000,0x00000000e8e80000)
  from space 13824K, 99% used [0x00000000e9e80000,0x00000000eabf83d8,0x00000000eac00000)
  to   space 16384K, 0% used [0x00000000e8e80000,0x00000000e8e80000,0x00000000e9e80000)
 ParOldGen       total 167936K, used 20578K [0x00000000a0000000, 0x00000000aa400000, 0x00000000e0000000)
  object space 167936K, 12% used [0x00000000a0000000,0x00000000a1418ba8,0x00000000aa400000)
 Metaspace       used 42432K, capacity 43216K, committed 43392K, reserved 1087488K
  class space    used 5755K, capacity 6003K, committed 6016K, reserved 1048576K
}
Event: 8.920 GC heap before
{Heap before GC invocations=9 (full 2):
 PSYoungGen      total 159744K, used 159712K [0x00000000e0000000, 0x00000000ed980000, 0x0000000100000000)
  eden space 145920K, 100% used [0x00000000e0000000,0x00000000e8e80000,0x00000000e8e80000)
  from space 13824K, 99% used [0x00000000e9e80000,0x00000000eabf83d8,0x00000000eac00000)
  to   space 16384K, 0% used [0x00000000e8e80000,0x00000000e8e80000,0x00000000e9e80000)
 ParOldGen       total 167936K, used 20578K [0x00000000a0000000, 0x00000000aa400000, 0x00000000e0000000)
  object space 167936K, 12% used [0x00000000a0000000,0x00000000a1418ba8,0x00000000aa400000)
 Metaspace       used 50270K, capacity 51480K, committed 51712K, reserved 1093632K
  class space    used 6777K, capacity 7129K, committed 7168K, reserved 1048576K
Event: 8.932 GC heap after
Heap after GC invocations=9 (full 2):
 PSYoungGen      total 162304K, used 16208K [0x00000000e0000000, 0x00000000ef500000, 0x0000000100000000)
  eden space 145920K, 0% used [0x00000000e0000000,0x00000000e0000000,0x00000000e8e80000)
  from space 16384K, 98% used [0x00000000e8e80000,0x00000000e9e54010,0x00000000e9e80000)
  to   space 18432K, 0% used [0x00000000ee300000,0x00000000ee300000,0x00000000ef500000)
 ParOldGen       total 167936K, used 20650K [0x00000000a0000000, 0x00000000aa400000, 0x00000000e0000000)
  object space 167936K, 12% used [0x00000000a0000000,0x00000000a142abb8,0x00000000aa400000)
 Metaspace       used 50270K, capacity 51480K, committed 51712K, reserved 1093632K
  class space    used 6777K, capacity 7129K, committed 7168K, reserved 1048576K
}

Deoptimization events (10 events):
Event: 7.764 Thread 0x000000001a3cd800 Uncommon trap: reason=unstable_if action=reinterpret pc=0x0000000002c370a4 method=sun.misc.MetaIndex.mayContain(Ljava/lang/String;)Z @ 38
Event: 7.956 Thread 0x000000001a3cd800 Uncommon trap: reason=unstable_if action=reinterpret pc=0x0000000002e58528 method=java.util.regex.Pattern$BmpCharProperty.match(Ljava/util/regex/Matcher;ILjava/lang/CharSequence;)Z @ 34
Event: 8.081 Thread 0x000000001a3cd800 Uncommon trap: reason=unstable_if action=reinterpret pc=0x00000000034bccc8 method=com.sun.org.apache.xerces.internal.impl.io.UTF8Reader.read([CII)I @ 131
Event: 8.081 Thread 0x000000001a3cd800 Uncommon trap: reason=unstable_if action=reinterpret pc=0x00000000034bba68 method=com.sun.org.apache.xerces.internal.impl.io.UTF8Reader.read([CII)I @ 131
Event: 8.081 Thread 0x000000001a3cd800 Uncommon trap: reason=unstable_if action=reinterpret pc=0x000000000344b738 method=java.util.regex.Pattern$BitClass.isSatisfiedBy(I)Z @ 4
Event: 8.081 Thread 0x000000001a3cd800 Uncommon trap: reason=unstable_if action=reinterpret pc=0x000000000344de8c method=java.util.regex.Pattern$Ctype.isSatisfiedBy(I)Z @ 4
Event: 8.586 Thread 0x000000001a3cd800 Uncommon trap: reason=unstable_if action=reinterpret pc=0x00000000034bf814 method=com.sun.org.apache.xerces.internal.impl.XMLEntityScanner.scanContent(Lcom/sun/org/apache/xerces/internal/xni/XMLString;)I @ 44
Event: 8.587 Thread 0x000000001a3cd800 Uncommon trap: reason=unstable_if action=reinterpret pc=0x0000000003415674 method=com.sun.org.apache.xerces.internal.impl.XMLEntityScanner.checkBeforeLoad(Lcom/sun/xml/internal/stream/Entity$ScannedEntity;II)I @ 18
Event: 8.940 Thread 0x000000001a3cd800 Uncommon trap: reason=class_check action=maybe_recompile pc=0x0000000002f0c01c method=java.io.BufferedInputStream.read1([BII)I @ 39
Event: 8.940 Thread 0x000000001a3cd800 Uncommon trap: reason=class_check action=maybe_recompile pc=0x0000000002e0cdd8 method=java.io.BufferedInputStream.read1([BII)I @ 39

Classes redefined (0 events):
No events

Internal exceptions (10 events):
Event: 8.558 Thread 0x000000001a3cd800 Exception <a 'sun/nio/fs/WindowsException'> (0x00000000e7bef210) thrown at [D:\src\AOSP-openjdk-cygwin\jdk8u\hotspot\src\share\vm\prims\jni.cpp, line 709]
Event: 8.558 Thread 0x000000001a3cd800 Exception <a 'sun/nio/fs/WindowsException'> (0x00000000e7bf2120) thrown at [D:\src\AOSP-openjdk-cygwin\jdk8u\hotspot\src\share\vm\prims\jni.cpp, line 709]
Event: 8.558 Thread 0x000000001a3cd800 Exception <a 'sun/nio/fs/WindowsException'> (0x00000000e7bf2ab0) thrown at [D:\src\AOSP-openjdk-cygwin\jdk8u\hotspot\src\share\vm\prims\jni.cpp, line 709]
Event: 8.558 Thread 0x000000001a3cd800 Exception <a 'sun/nio/fs/WindowsException'> (0x00000000e7bf4690) thrown at [D:\src\AOSP-openjdk-cygwin\jdk8u\hotspot\src\share\vm\prims\jni.cpp, line 709]
Event: 8.558 Thread 0x000000001a3cd800 Exception <a 'sun/nio/fs/WindowsException'> (0x00000000e7bf5040) thrown at [D:\src\AOSP-openjdk-cygwin\jdk8u\hotspot\src\share\vm\prims\jni.cpp, line 709]
Event: 8.612 Thread 0x000000001a3cd800 Exception <a 'java/lang/NoSuchMethodError': java.lang.Object.lambda$comparing$77a9974f$1(Ljava/util/function/Function;Ljava/lang/Object;Ljava/lang/Object;)I> (0x00000000e7db1cd8) thrown at [D:\src\AOSP-openjdk-cygwin\jdk8u\hotspot\src\share\vm\interpreter
Event: 8.613 Thread 0x000000001a3cd800 Exception <a 'java/lang/NoSuchMethodError': java.lang.Object.lambda$thenComparing$36697e65$1(Ljava/util/Comparator;Ljava/lang/Object;Ljava/lang/Object;)I> (0x00000000e7dbd358) thrown at [D:\src\AOSP-openjdk-cygwin\jdk8u\hotspot\src\share\vm\interpreter\li
Event: 8.640 Thread 0x000000001a3cd800 Exception <a 'java/lang/NoSuchMethodError': java.lang.Object.lambda$maxBy$1(Ljava/util/Comparator;Ljava/lang/Object;Ljava/lang/Object;)Ljava/lang/Object;> (0x00000000e7f09578) thrown at [D:\src\AOSP-openjdk-cygwin\jdk8u\hotspot\src\share\vm\interpreter\li
Event: 8.757 Thread 0x000000001a3cd800 Exception <a 'java/lang/ClassNotFoundException': org/gradle/api/plugins/BasePluginConventionBeanInfo> (0x00000000e857b790) thrown at [D:\src\AOSP-openjdk-cygwin\jdk8u\hotspot\src\share\vm\classfile\systemDictionary.cpp, line 210]
Event: 8.758 Thread 0x000000001a3cd800 Exception <a 'java/lang/ClassNotFoundException': org/gradle/api/plugins/BasePluginConventionCustomizer> (0x00000000e85a00e0) thrown at [D:\src\AOSP-openjdk-cygwin\jdk8u\hotspot\src\share\vm\classfile\systemDictionary.cpp, line 210]

Events (10 events):
Event: 9.026 loading class com/android/builder/compiling/DependencyFileProcessor
Event: 9.026 loading class com/android/builder/compiling/DependencyFileProcessor done
Event: 9.027 loading class com/android/builder/internal/incremental/DependencyData
Event: 9.027 loading class com/android/builder/internal/incremental/DependencyData done
Event: 9.028 loading class com/android/build/gradle/tasks/AidlCompile$DepFileProcessor
Event: 9.028 loading class com/android/build/gradle/tasks/AidlCompile$DepFileProcessor done
Event: 9.030 loading class org/gradle/api/tasks/SkipWhenEmpty
Event: 9.030 loading class org/gradle/api/tasks/SkipWhenEmpty done
Event: 9.034 loading class com/android/build/gradle/internal/core/VariantConfiguration
Event: 9.034 loading class com/android/build/gradle/internal/core/VariantConfiguration done


Dynamic libraries:
0x00007ff660c20000 - 0x00007ff660c51000 	C:\Program Files\Android\Android Studio\jre\bin\java.exe
0x00007ff97bdb0000 - 0x00007ff97bf91000 	C:\WINDOWS\SYSTEM32\ntdll.dll
0x00007ff97b870000 - 0x00007ff97b922000 	C:\WINDOWS\System32\KERNEL32.DLL
0x00007ff978b10000 - 0x00007ff978d83000 	C:\WINDOWS\System32\KERNELBASE.dll
0x00007ff979950000 - 0x00007ff9799f1000 	C:\WINDOWS\System32\ADVAPI32.dll
0x00007ff97b430000 - 0x00007ff97b4ce000 	C:\WINDOWS\System32\msvcrt.dll
0x00007ff979610000 - 0x00007ff97966b000 	C:\WINDOWS\System32\sechost.dll
0x00007ff9792f0000 - 0x00007ff979414000 	C:\WINDOWS\System32\RPCRT4.dll
0x00007ff979a00000 - 0x00007ff979b90000 	C:\WINDOWS\System32\USER32.dll
0x00007ff978f80000 - 0x00007ff978fa0000 	C:\WINDOWS\System32\win32u.dll
0x00007ff979f10000 - 0x00007ff979f38000 	C:\WINDOWS\System32\GDI32.dll
0x00007ff9790a0000 - 0x00007ff979232000 	C:\WINDOWS\System32\gdi32full.dll
0x00007ff979000000 - 0x00007ff97909f000 	C:\WINDOWS\System32\msvcp_win.dll
0x00007ff978180000 - 0x00007ff97827a000 	C:\WINDOWS\System32\ucrtbase.dll
0x00007ff9689a0000 - 0x00007ff968c09000 	C:\WINDOWS\WinSxS\amd64_microsoft.windows.common-controls_6595b64144ccf1df_6.0.17134.407_none_fb449d63306391e9\COMCTL32.dll
0x00007ff97b4d0000 - 0x00007ff97b7f2000 	C:\WINDOWS\System32\combase.dll
0x00007ff978a40000 - 0x00007ff978aba000 	C:\WINDOWS\System32\bcryptPrimitives.dll
0x00007ff9794a0000 - 0x00007ff9794cd000 	C:\WINDOWS\System32\IMM32.DLL
0x0000000070360000 - 0x0000000070432000 	C:\Program Files\Android\Android Studio\jre\jre\bin\msvcr100.dll
0x00000000712e0000 - 0x0000000071b21000 	C:\Program Files\Android\Android Studio\jre\jre\bin\server\jvm.dll
0x00007ff979240000 - 0x00007ff979248000 	C:\WINDOWS\System32\PSAPI.DLL
0x00007ff972ff0000 - 0x00007ff972ff9000 	C:\WINDOWS\SYSTEM32\WSOCK32.dll
0x00007ff970d10000 - 0x00007ff970d1a000 	C:\WINDOWS\SYSTEM32\VERSION.dll
0x00007ff973f70000 - 0x00007ff973f93000 	C:\WINDOWS\SYSTEM32\WINMM.dll
0x00007ff9794d0000 - 0x00007ff97953c000 	C:\WINDOWS\System32\WS2_32.dll
0x00007ff973e50000 - 0x00007ff973e7a000 	C:\WINDOWS\SYSTEM32\WINMMBASE.dll
0x00007ff978ac0000 - 0x00007ff978b09000 	C:\WINDOWS\System32\cfgmgr32.dll
0x00007ff96c1c0000 - 0x00007ff96c1cf000 	C:\Program Files\Android\Android Studio\jre\jre\bin\verify.dll
0x00007ff969480000 - 0x00007ff9694a9000 	C:\Program Files\Android\Android Studio\jre\jre\bin\java.dll
0x00007ff96c1a0000 - 0x00007ff96c1b6000 	C:\Program Files\Android\Android Studio\jre\jre\bin\zip.dll
0x00007ff979f40000 - 0x00007ff97b37f000 	C:\WINDOWS\System32\SHELL32.dll
0x00007ff97b380000 - 0x00007ff97b429000 	C:\WINDOWS\System32\shcore.dll
0x00007ff978330000 - 0x00007ff978a3d000 	C:\WINDOWS\System32\windows.storage.dll
0x00007ff979680000 - 0x00007ff9796d1000 	C:\WINDOWS\System32\shlwapi.dll
0x00007ff978120000 - 0x00007ff978131000 	C:\WINDOWS\System32\kernel.appcore.dll
0x00007ff978160000 - 0x00007ff97817f000 	C:\WINDOWS\System32\profapi.dll
0x00007ff9780d0000 - 0x00007ff97811c000 	C:\WINDOWS\System32\powrprof.dll
0x00007ff9780c0000 - 0x00007ff9780ca000 	C:\WINDOWS\System32\FLTLIB.DLL
0x00007ff969460000 - 0x00007ff96947a000 	C:\Program Files\Android\Android Studio\jre\jre\bin\net.dll
0x00007ff977940000 - 0x00007ff9779a6000 	C:\WINDOWS\system32\mswsock.dll
0x00007ff969440000 - 0x00007ff969451000 	C:\Program Files\Android\Android Studio\jre\jre\bin\nio.dll
0x00007ff9504b0000 - 0x00007ff9504ce000 	D:\Android\.gradle\native\25\windows-amd64\native-platform.dll
0x00007ff969430000 - 0x00007ff96943d000 	C:\Program Files\Android\Android Studio\jre\jre\bin\management.dll
0x00007ff977af0000 - 0x00007ff977b07000 	C:\WINDOWS\SYSTEM32\CRYPTSP.dll
0x00007ff977520000 - 0x00007ff977553000 	C:\WINDOWS\system32\rsaenh.dll
0x00007ff977c20000 - 0x00007ff977c45000 	C:\WINDOWS\SYSTEM32\bcrypt.dll
0x00007ff977fc0000 - 0x00007ff977fe8000 	C:\WINDOWS\SYSTEM32\USERENV.dll
0x00007ff977b10000 - 0x00007ff977b1b000 	C:\WINDOWS\SYSTEM32\CRYPTBASE.dll
0x00007ff9776c0000 - 0x00007ff9776f8000 	C:\WINDOWS\SYSTEM32\IPHLPAPI.DLL
0x00007ff97b860000 - 0x00007ff97b868000 	C:\WINDOWS\System32\NSI.dll
0x00007ff9729d0000 - 0x00007ff9729e6000 	C:\WINDOWS\SYSTEM32\dhcpcsvc6.DLL
0x00007ff972b50000 - 0x00007ff972b6a000 	C:\WINDOWS\SYSTEM32\dhcpcsvc.DLL

VM Arguments:
jvm_args: -Xmx1536m -Dfile.encoding=windows-1252 -Duser.country=US -Duser.language=en -Duser.variant 
java_command: org.gradle.launcher.daemon.bootstrap.GradleDaemon 4.6
java_class_path (initial): D:\Android\.gradle\wrapper\dists\gradle-4.6-all\bcst21l2brirad8k2ben1letg\gradle-4.6\lib\gradle-launcher-4.6.jar
Launcher Type: SUN_STANDARD

Environment Variables:
JAVA_HOME=C:\Program Files\Java\jdk1.8.0_191
PATH=C:\Program Files (x86)\Common Files\Oracle\Java\javapath;C:\WINDOWS\system32;C:\WINDOWS;C:\WINDOWS\System32\Wbem;C:\WINDOWS\System32\WindowsPowerShell\v1.0\;C:\Program Files\dotnet\;C:\Program Files\Microsoft SQL Server\130\Tools\Binn\;C:\Program Files\Git\cmd;C:\Program Files\TortoiseSVN\bin;C:\ProgramData\php7;C:\ProgramData\ComposerSetup\bin;C:\Program Files\Calibre2\;C:\Program Files\PuTTY\;C:\Program Files\Sublime Text 3\;C:\ProgramData\chocolatey\bin;C:\Program Files\nodejs\;C:\Program Files (x86)\Yarn\bin\;C:\WINDOWS\System32\OpenSSH\;C:\Users\User\AppData\Local\Programs\Python\Python36-32\Scripts;C:\AppTechGateway\Maven\apache-maven-3.5.4\bin;C:\Program Files\Java\jdk1.8.0_191\bin;C:\Program Files\TortoiseGit\bin;C:\Users\User\AppData\Local\Microsoft\WindowsApps;C:\Users\User\AppData\Roaming\Composer\vendor\bin;C:\Users\User\AppData\Roaming\npm;C:\Users\User\AppData\Local\Yarn\bin;C:\Users\User\AppData\Local\Tidy;C:\Users\User\AppData\Local\Programs\Python\Python36-32\Scripts;C:\Program Files\Java\jdk1.8.0_191\bin;C:\Users\User\AppData\Local\Programs\Microsoft VS Code\bin;C:\Users\User\AppData\Local\GitHubDesktop\bin
USERNAME=User
OS=Windows_NT
PROCESSOR_IDENTIFIER=Intel64 Family 6 Model 60 Stepping 3, GenuineIntel



---------------  S Y S T E M  ---------------

OS: Windows 10.0 , 64 bit Build 17134 (10.0.17134.1)

CPU:total 8 (initial active 8) (4 cores per cpu, 2 threads per core) family 6 model 60 stepping 3, cmov, cx8, fxsr, mmx, sse, sse2, sse3, ssse3, sse4.1, sse4.2, popcnt, avx, avx2, aes, clmul, erms, lzcnt, ht, tsc, tscinvbit, bmi1, bmi2

Memory: 4k page, physical 16713508k(4942136k free), swap 16713508k(5864k free)

vm_info: OpenJDK 64-Bit Server VM (25.152-b06) for windows-amd64 JRE (1.8.0_152-release-1136-b06), built by "builder" with MS VC++ 10.0 (VS2010)

time: Mon Dec 10 14:21:56 2018
elapsed time: 9 seconds (0d 0h 0m 9s)

